<?xml version="1.0" encoding="UTF-8"?>
<!-- Generated by org.testng.reporters.JUnitReportReporter -->
<testsuite hostname="DESKTOP-UU5MJ9K" failures="0" tests="1" name="com.ExtentReportReader.ExtentReportReader" time="0.010" errors="0" timestamp="2021-08-31T16:52:44 NZST" skipped="0">
  <testcase classname="com.ExtentReportReader.ExtentReportReader" name="ExtentReportGenerator" time="0.010"/>
  <system-out/>
</testsuite> <!-- com.ExtentReportReader.ExtentReportReader -->
