<?xml version="1.0" encoding="UTF-8"?>
<!-- Generated by org.testng.reporters.JUnitReportReporter -->
<testsuite hostname="DESKTOP-UU5MJ9K" failures="0" tests="1" name="com.xeroFrameworkNikhat.testcases.HomePageXero" time="1.848" errors="0" timestamp="2021-09-01T07:18:48 NZST" skipped="0">
  <testcase classname="com.xeroFrameworkNikhat.testcases.HomePageXero" name="logIn" time="1.848"/>
  <system-out/>
</testsuite> <!-- com.xeroFrameworkNikhat.testcases.HomePageXero -->
