<?xml version="1.0" encoding="UTF-8"?>
<!-- Generated by org.testng.reporters.JUnitReportReporter -->
<testsuite hostname="DESKTOP-UU5MJ9K" failures="0" tests="1" name="com.xeroFrameworkNikhat.testcases.LogintoXeroValidAccount" time="18.325" errors="0" timestamp="2021-09-01T19:13:35 NZST" skipped="0">
  <testcase classname="com.xeroFrameworkNikhat.testcases.LogintoXeroValidAccount" name="loginToAccount" time="18.325"/>
  <system-out/>
</testsuite> <!-- com.xeroFrameworkNikhat.testcases.LogintoXeroValidAccount -->
